Using pre-set license

 COMMAND LINE ARGUMENTS:
/Applications/Unity/Hub/Editor/2020.2.3f1/Unity.app/Contents/MacOS/Unity
-adb2
-batchMode
-noUpm
-name
AssetImportWorker0
-projectPath
/Users/hanzawanaoya/Desktop/photon test
-logFile
Logs/AssetImportWorker0.log
-srvPort
49769
Successfully changed project path to: /Users/hanzawanaoya/Desktop/photon test
/Users/hanzawanaoya/Desktop/photon test
Using Asset Import Pipeline V2.
Refreshing native plugins compatible for Editor in 49.96 ms, found 2 plugins.
Preloading 0 native plugins for Editor in 0.00 ms.
Initialize engine version: 2020.2.3f1 (8ff31bc5bf5b)
[Subsystems] Discovering subsystems at path /Applications/Unity/Hub/Editor/2020.2.3f1/Unity.app/Contents/Resources/UnitySubsystems
[Subsystems] Discovering subsystems at path /Users/hanzawanaoya/Desktop/photon test/Assets
GfxDevice: creating device client; threaded=0
2021-06-22 22:35:55.309 Unity[1073:22589] Color LCD preferred device: Intel(R) Iris(TM) Plus Graphics 655 (low power)
2021-06-22 22:35:55.309 Unity[1073:22589] Metal devices available: 1
2021-06-22 22:35:55.309 Unity[1073:22589] 0: Intel(R) Iris(TM) Plus Graphics 655 (low power)
2021-06-22 22:35:55.309 Unity[1073:22589] Using device Intel(R) Iris(TM) Plus Graphics 655 (low power)
Initializing Metal device caps: Intel(R) Iris(TM) Plus Graphics 655
Initialize mono
Mono path[0] = '/Applications/Unity/Hub/Editor/2020.2.3f1/Unity.app/Contents/Managed'
Mono path[1] = '/Applications/Unity/Hub/Editor/2020.2.3f1/Unity.app/Contents/MonoBleedingEdge/lib/mono/unityjit'
Mono config path = '/Applications/Unity/Hub/Editor/2020.2.3f1/Unity.app/Contents/MonoBleedingEdge/etc'
Using monoOptions --debugger-agent=transport=dt_socket,embedding=1,server=y,suspend=n,address=127.0.0.1:56073
Begin MonoManager ReloadAssembly
Registering precompiled unity dll's ...
Register platform support module: /Applications/Unity/Hub/Editor/2020.2.3f1/PlaybackEngines/WebGLSupport/UnityEditor.WebGL.Extensions.dll
Register platform support module: /Applications/Unity/Hub/Editor/2020.2.3f1/Unity.app/Contents/PlaybackEngines/MacStandaloneSupport/UnityEditor.OSXStandalone.Extensions.dll
Registered in 0.003718 seconds.
Native extension for OSXStandalone target not found
Native extension for WebGL target not found
Refreshing native plugins compatible for Editor in 42.28 ms, found 2 plugins.
Preloading 0 native plugins for Editor in 0.00 ms.
Invoked RoslynAnalysisRunner static constructor.
RoslynAnalysisRunner will not be running.
RoslynAnalysisRunner has terminated.
Mono: successfully reloaded assembly
- Completed reload, in  2.060 seconds
Platform modules already initialized, skipping
Registering precompiled user dll's ...
Registered in 0.004790 seconds.
Begin MonoManager ReloadAssembly
Native extension for OSXStandalone target not found
Native extension for WebGL target not found
Refreshing native plugins compatible for Editor in 43.25 ms, found 2 plugins.
Preloading 0 native plugins for Editor in 0.00 ms.
Invoked RoslynAnalysisRunner static constructor.
RoslynAnalysisRunner will not be running.
RoslynAnalysisRunner has terminated.
Mono: successfully reloaded assembly
- Completed reload, in  1.231 seconds
Platform modules already initialized, skipping
========================================================================
Worker process is ready to serve import requests
Launching external process: /Applications/Unity/Hub/Editor/2020.2.3f1/Unity.app/Contents/Tools/UnityShaderCompiler
Launched and connected shader compiler UnityShaderCompiler after 0.01 seconds
Refreshing native plugins compatible for Editor in 0.45 ms, found 2 plugins.
Preloading 0 native plugins for Editor in 0.00 ms.
Unloading 2020 Unused Serialized files (Serialized files now loaded: 0)
System memory in use before: 155.8 MB.
System memory in use after: 155.8 MB.

Unloading 30 unused Assets to reduce memory usage. Loaded Objects now: 2457.
Total: 2.405463 ms (FindLiveObjects: 0.273136 ms CreateObjectMapping: 0.116935 ms MarkObjects: 1.880802 ms  DeleteObjects: 0.132517 ms)

========================================================================
Received Import Request.
  path: Assets/Scenes/GamePlay.unity
  artifactKey: Guid(2f8cc5c2fbe4841d981c5c37278eb11b) Importer(815301076,1909f56bfc062723c751e8b465ee728b)
Start importing Assets/Scenes/GamePlay.unity using Guid(2f8cc5c2fbe4841d981c5c37278eb11b) Importer(815301076,1909f56bfc062723c751e8b465ee728b)  -> (artifact id: 'a7f279a2f7e8926f184325054b5612ce') in 0.013024 seconds
  Import took 0.022466 seconds .

========================================================================
Received Import Request.
  Time since last request: 82.530640 seconds.
  path: Assets/Resources/Player.prefab
  artifactKey: Guid(57a0fd45077944d0a882f399c6b73b34) Importer(815301076,1909f56bfc062723c751e8b465ee728b)
Start importing Assets/Resources/Player.prefab using Guid(57a0fd45077944d0a882f399c6b73b34) Importer(815301076,1909f56bfc062723c751e8b465ee728b)  -> (artifact id: '43ebb6d191da0dd908b80fe3be77c6e6') in 1.492372 seconds
  Import took 1.497351 seconds .

========================================================================
Received Import Request.
  Time since last request: 0.000159 seconds.
  path: Assets/Resources/Player.prefab
  artifactKey: Guid(57a0fd45077944d0a882f399c6b73b34) Importer(815301076,1909f56bfc062723c751e8b465ee728b)
Start importing Assets/Resources/Player.prefab using Guid(57a0fd45077944d0a882f399c6b73b34) Importer(815301076,1909f56bfc062723c751e8b465ee728b)  -> (artifact id: '4c2209cc4cd938c2b9eee0cfb2f06f23') in 0.017478 seconds
  Import took 0.022758 seconds .

========================================================================
Received Import Request.
  Time since last request: 4.960534 seconds.
  path: Assets/Resources/Player.prefab
  artifactKey: Guid(57a0fd45077944d0a882f399c6b73b34) Importer(815301076,1909f56bfc062723c751e8b465ee728b)
Start importing Assets/Resources/Player.prefab using Guid(57a0fd45077944d0a882f399c6b73b34) Importer(815301076,1909f56bfc062723c751e8b465ee728b)  -> (artifact id: '6757db0b044324f22b1cbbf687f05bb7') in 0.028862 seconds
  Import took 0.035534 seconds .

========================================================================
Received Import Request.
  Time since last request: 0.016578 seconds.
  path: Assets/Resources/Player.prefab
  artifactKey: Guid(57a0fd45077944d0a882f399c6b73b34) Importer(815301076,1909f56bfc062723c751e8b465ee728b)
Start importing Assets/Resources/Player.prefab using Guid(57a0fd45077944d0a882f399c6b73b34) Importer(815301076,1909f56bfc062723c751e8b465ee728b)  -> (artifact id: '6757db0b044324f22b1cbbf687f05bb7') in 0.017799 seconds
  Import took 0.022804 seconds .

========================================================================
Received Import Request.
  Time since last request: 809.683349 seconds.
  path: Assets/Resources/Player.prefab
  artifactKey: Guid(57a0fd45077944d0a882f399c6b73b34) Importer(815301076,1909f56bfc062723c751e8b465ee728b)
Start importing Assets/Resources/Player.prefab using Guid(57a0fd45077944d0a882f399c6b73b34) Importer(815301076,1909f56bfc062723c751e8b465ee728b)  -> (artifact id: 'b2dee7d14710875df13a21929310b717') in 0.054846 seconds
  Import took 0.059979 seconds .

