Using pre-set license

 COMMAND LINE ARGUMENTS:
/Applications/Unity/Hub/Editor/2020.2.3f1/Unity.app/Contents/MacOS/Unity
-adb2
-batchMode
-noUpm
-name
AssetImportWorker0
-projectPath
/Users/hanzawanaoya/Desktop/photon test
-logFile
Logs/AssetImportWorker0.log
-srvPort
50058
Successfully changed project path to: /Users/hanzawanaoya/Desktop/photon test
/Users/hanzawanaoya/Desktop/photon test
Using Asset Import Pipeline V2.
Refreshing native plugins compatible for Editor in 42.55 ms, found 2 plugins.
Preloading 0 native plugins for Editor in 0.00 ms.
Initialize engine version: 2020.2.3f1 (8ff31bc5bf5b)
[Subsystems] Discovering subsystems at path /Applications/Unity/Hub/Editor/2020.2.3f1/Unity.app/Contents/Resources/UnitySubsystems
[Subsystems] Discovering subsystems at path /Users/hanzawanaoya/Desktop/photon test/Assets
GfxDevice: creating device client; threaded=0
2021-06-22 09:56:04.417 Unity[1109:30075] Color LCD preferred device: Intel(R) Iris(TM) Plus Graphics 655 (low power)
2021-06-22 09:56:04.417 Unity[1109:30075] Metal devices available: 1
2021-06-22 09:56:04.417 Unity[1109:30075] 0: Intel(R) Iris(TM) Plus Graphics 655 (low power)
2021-06-22 09:56:04.417 Unity[1109:30075] Using device Intel(R) Iris(TM) Plus Graphics 655 (low power)
Initializing Metal device caps: Intel(R) Iris(TM) Plus Graphics 655
Initialize mono
Mono path[0] = '/Applications/Unity/Hub/Editor/2020.2.3f1/Unity.app/Contents/Managed'
Mono path[1] = '/Applications/Unity/Hub/Editor/2020.2.3f1/Unity.app/Contents/MonoBleedingEdge/lib/mono/unityjit'
Mono config path = '/Applications/Unity/Hub/Editor/2020.2.3f1/Unity.app/Contents/MonoBleedingEdge/etc'
Using monoOptions --debugger-agent=transport=dt_socket,embedding=1,server=y,suspend=n,address=127.0.0.1:56109
Begin MonoManager ReloadAssembly
Registering precompiled unity dll's ...
Register platform support module: /Applications/Unity/Hub/Editor/2020.2.3f1/PlaybackEngines/WebGLSupport/UnityEditor.WebGL.Extensions.dll
Register platform support module: /Applications/Unity/Hub/Editor/2020.2.3f1/Unity.app/Contents/PlaybackEngines/MacStandaloneSupport/UnityEditor.OSXStandalone.Extensions.dll
Registered in 0.002961 seconds.
Native extension for OSXStandalone target not found
Native extension for WebGL target not found
Refreshing native plugins compatible for Editor in 40.91 ms, found 2 plugins.
Preloading 0 native plugins for Editor in 0.00 ms.
Invoked RoslynAnalysisRunner static constructor.
RoslynAnalysisRunner will not be running.
RoslynAnalysisRunner has terminated.
Mono: successfully reloaded assembly
- Completed reload, in  2.338 seconds
Platform modules already initialized, skipping
Registering precompiled user dll's ...
Registered in 0.003338 seconds.
Begin MonoManager ReloadAssembly
Native extension for OSXStandalone target not found
Native extension for WebGL target not found
Refreshing native plugins compatible for Editor in 42.64 ms, found 2 plugins.
Preloading 0 native plugins for Editor in 0.00 ms.
Invoked RoslynAnalysisRunner static constructor.
RoslynAnalysisRunner will not be running.
RoslynAnalysisRunner has terminated.
Mono: successfully reloaded assembly
- Completed reload, in  1.139 seconds
Platform modules already initialized, skipping
========================================================================
Worker process is ready to serve import requests
Launching external process: /Applications/Unity/Hub/Editor/2020.2.3f1/Unity.app/Contents/Tools/UnityShaderCompiler
Launched and connected shader compiler UnityShaderCompiler after 0.02 seconds
Refreshing native plugins compatible for Editor in 0.51 ms, found 2 plugins.
Preloading 0 native plugins for Editor in 0.00 ms.
Unloading 2017 Unused Serialized files (Serialized files now loaded: 0)
System memory in use before: 155.7 MB.
System memory in use after: 155.7 MB.

Unloading 30 unused Assets to reduce memory usage. Loaded Objects now: 2454.
Total: 2.204232 ms (FindLiveObjects: 0.249997 ms CreateObjectMapping: 0.068353 ms MarkObjects: 1.712125 ms  DeleteObjects: 0.172838 ms)

========================================================================
Received Prepare
Registering precompiled user dll's ...
Registered in 0.001653 seconds.
Begin MonoManager ReloadAssembly
Native extension for OSXStandalone target not found
Native extension for WebGL target not found
Refreshing native plugins compatible for Editor in 0.60 ms, found 2 plugins.
Preloading 0 native plugins for Editor in 0.00 ms.
Invoked RoslynAnalysisRunner static constructor.
RoslynAnalysisRunner will not be running.
RoslynAnalysisRunner has terminated.
Mono: successfully reloaded assembly
- Completed reload, in  1.020 seconds
Platform modules already initialized, skipping
Refreshing native plugins compatible for Editor in 0.45 ms, found 2 plugins.
Preloading 0 native plugins for Editor in 0.00 ms.
Unloading 2011 Unused Serialized files (Serialized files now loaded: 0)
System memory in use before: 155.6 MB.
System memory in use after: 155.6 MB.

Unloading 17 unused Assets to reduce memory usage. Loaded Objects now: 2458.
Total: 2.790858 ms (FindLiveObjects: 0.318894 ms CreateObjectMapping: 0.146904 ms MarkObjects: 2.221013 ms  DeleteObjects: 0.102416 ms)

========================================================================
Received Import Request.
  path: Assets/Scripts/MyPlayer.cs
  artifactKey: Guid(93ebc68fd84994b2ab3efd087813b734) Importer(815301076,1909f56bfc062723c751e8b465ee728b)
Start importing Assets/Scripts/MyPlayer.cs using Guid(93ebc68fd84994b2ab3efd087813b734) Importer(815301076,1909f56bfc062723c751e8b465ee728b)  -> (artifact id: '06a88bcb771d08a7373850e3f5671cd9') in 0.405662 seconds
  Import took 0.411644 seconds .

========================================================================
Received Import Request.
  Time since last request: 245.714056 seconds.
  path: Assets/prefabs/Player.prefab
  artifactKey: Guid(57a0fd45077944d0a882f399c6b73b34) Importer(815301076,1909f56bfc062723c751e8b465ee728b)
Start importing Assets/prefabs/Player.prefab using Guid(57a0fd45077944d0a882f399c6b73b34) Importer(815301076,1909f56bfc062723c751e8b465ee728b)  -> (artifact id: '7d7c5a7b5ca08899389c96f41f06395c') in 1.580700 seconds
  Import took 1.586687 seconds .

========================================================================
Received Prepare
Registering precompiled user dll's ...
Registered in 0.003850 seconds.
Begin MonoManager ReloadAssembly
Native extension for OSXStandalone target not found
Native extension for WebGL target not found
Refreshing native plugins compatible for Editor in 0.47 ms, found 2 plugins.
Preloading 0 native plugins for Editor in 0.00 ms.
Invoked RoslynAnalysisRunner static constructor.
RoslynAnalysisRunner will not be running.
RoslynAnalysisRunner has terminated.
Mono: successfully reloaded assembly
- Completed reload, in  1.077 seconds
Platform modules already initialized, skipping
Refreshing native plugins compatible for Editor in 0.39 ms, found 2 plugins.
Preloading 0 native plugins for Editor in 0.00 ms.
Unloading 2011 Unused Serialized files (Serialized files now loaded: 0)
System memory in use before: 167.9 MB.
System memory in use after: 167.9 MB.

Unloading 17 unused Assets to reduce memory usage. Loaded Objects now: 2471.
Total: 2.043611 ms (FindLiveObjects: 0.245260 ms CreateObjectMapping: 0.070317 ms MarkObjects: 1.634760 ms  DeleteObjects: 0.092053 ms)

========================================================================
Received Import Request.
  Time since last request: 117.088607 seconds.
  path: Assets/prefabs/Player.prefab
  artifactKey: Guid(57a0fd45077944d0a882f399c6b73b34) Importer(815301076,1909f56bfc062723c751e8b465ee728b)
Start importing Assets/prefabs/Player.prefab using Guid(57a0fd45077944d0a882f399c6b73b34) Importer(815301076,1909f56bfc062723c751e8b465ee728b)  -> (artifact id: '4f8118c90644f07dee0e042cf225ada2') in 0.097173 seconds
  Import took 0.103294 seconds .

========================================================================
Received Import Request.
  Time since last request: 2.378015 seconds.
  path: Assets/prefabs/Player.prefab
  artifactKey: Guid(57a0fd45077944d0a882f399c6b73b34) Importer(815301076,1909f56bfc062723c751e8b465ee728b)
Start importing Assets/prefabs/Player.prefab using Guid(57a0fd45077944d0a882f399c6b73b34) Importer(815301076,1909f56bfc062723c751e8b465ee728b)  -> (artifact id: '3209321ba5bdb47413b9df59ac8cf674') in 0.026437 seconds
  Import took 0.034828 seconds .

========================================================================
Received Import Request.
  Time since last request: 22.193974 seconds.
  path: Assets/Scenes/GamePlay.unity
  artifactKey: Guid(2f8cc5c2fbe4841d981c5c37278eb11b) Importer(815301076,1909f56bfc062723c751e8b465ee728b)
Start importing Assets/Scenes/GamePlay.unity using Guid(2f8cc5c2fbe4841d981c5c37278eb11b) Importer(815301076,1909f56bfc062723c751e8b465ee728b)  -> (artifact id: 'ea0afd7947966c807c337b4d0832a998') in 0.002126 seconds
  Import took 0.006041 seconds .

========================================================================
Received Prepare
Registering precompiled user dll's ...
Registered in 0.003533 seconds.
Begin MonoManager ReloadAssembly
Native extension for OSXStandalone target not found
Native extension for WebGL target not found
Refreshing native plugins compatible for Editor in 0.48 ms, found 2 plugins.
Preloading 0 native plugins for Editor in 0.00 ms.
Invoked RoslynAnalysisRunner static constructor.
RoslynAnalysisRunner will not be running.
RoslynAnalysisRunner has terminated.
Mono: successfully reloaded assembly
- Completed reload, in  1.225 seconds
Platform modules already initialized, skipping
Refreshing native plugins compatible for Editor in 0.50 ms, found 2 plugins.
Preloading 0 native plugins for Editor in 0.00 ms.
Unloading 2011 Unused Serialized files (Serialized files now loaded: 0)
System memory in use before: 168.3 MB.
System memory in use after: 168.3 MB.

Unloading 17 unused Assets to reduce memory usage. Loaded Objects now: 2476.
Total: 2.845329 ms (FindLiveObjects: 0.310956 ms CreateObjectMapping: 0.118478 ms MarkObjects: 2.283076 ms  DeleteObjects: 0.131322 ms)

========================================================================
Received Prepare
Registering precompiled user dll's ...
Registered in 0.003537 seconds.
Begin MonoManager ReloadAssembly
Native extension for OSXStandalone target not found
Native extension for WebGL target not found
Refreshing native plugins compatible for Editor in 0.47 ms, found 2 plugins.
Preloading 0 native plugins for Editor in 0.00 ms.
Invoked RoslynAnalysisRunner static constructor.
RoslynAnalysisRunner will not be running.
RoslynAnalysisRunner has terminated.
Mono: successfully reloaded assembly
- Completed reload, in  1.136 seconds
Platform modules already initialized, skipping
Refreshing native plugins compatible for Editor in 0.44 ms, found 2 plugins.
Preloading 0 native plugins for Editor in 0.00 ms.
Unloading 2011 Unused Serialized files (Serialized files now loaded: 0)
System memory in use before: 168.5 MB.
System memory in use after: 168.5 MB.

Unloading 17 unused Assets to reduce memory usage. Loaded Objects now: 2480.
Total: 3.047922 ms (FindLiveObjects: 0.319742 ms CreateObjectMapping: 0.147734 ms MarkObjects: 2.449236 ms  DeleteObjects: 0.129412 ms)

========================================================================
Received Import Request.
  Time since last request: 2269.254104 seconds.
  path: Assets/prefabs/Player.prefab
  artifactKey: Guid(57a0fd45077944d0a882f399c6b73b34) Importer(815301076,1909f56bfc062723c751e8b465ee728b)
Start importing Assets/prefabs/Player.prefab using Guid(57a0fd45077944d0a882f399c6b73b34) Importer(815301076,1909f56bfc062723c751e8b465ee728b)  -> (artifact id: '8d472c8e6d8a1acef0455586f037fdda') in 0.151166 seconds
  Import took 0.157201 seconds .

========================================================================
Received Prepare
Registering precompiled user dll's ...
Registered in 0.003865 seconds.
Begin MonoManager ReloadAssembly
Native extension for OSXStandalone target not found
Native extension for WebGL target not found
Refreshing native plugins compatible for Editor in 0.51 ms, found 2 plugins.
Preloading 0 native plugins for Editor in 0.00 ms.
Invoked RoslynAnalysisRunner static constructor.
RoslynAnalysisRunner will not be running.
RoslynAnalysisRunner has terminated.
Mono: successfully reloaded assembly
- Completed reload, in  1.005 seconds
Platform modules already initialized, skipping
Refreshing native plugins compatible for Editor in 0.45 ms, found 2 plugins.
Preloading 0 native plugins for Editor in 0.00 ms.
Unloading 2011 Unused Serialized files (Serialized files now loaded: 0)
System memory in use before: 168.8 MB.
System memory in use after: 168.8 MB.

Unloading 17 unused Assets to reduce memory usage. Loaded Objects now: 2485.
Total: 1.913376 ms (FindLiveObjects: 0.273288 ms CreateObjectMapping: 0.092815 ms MarkObjects: 1.439498 ms  DeleteObjects: 0.106197 ms)

========================================================================
Received Prepare
Registering precompiled user dll's ...
Registered in 0.001242 seconds.
Begin MonoManager ReloadAssembly
Native extension for OSXStandalone target not found
Native extension for WebGL target not found
Refreshing native plugins compatible for Editor in 0.47 ms, found 2 plugins.
Preloading 0 native plugins for Editor in 0.00 ms.
Invoked RoslynAnalysisRunner static constructor.
RoslynAnalysisRunner will not be running.
RoslynAnalysisRunner has terminated.
Mono: successfully reloaded assembly
- Completed reload, in  0.977 seconds
Platform modules already initialized, skipping
Refreshing native plugins compatible for Editor in 0.40 ms, found 2 plugins.
Preloading 0 native plugins for Editor in 0.00 ms.
Unloading 2011 Unused Serialized files (Serialized files now loaded: 0)
System memory in use before: 169.0 MB.
System memory in use after: 169.0 MB.

Unloading 17 unused Assets to reduce memory usage. Loaded Objects now: 2489.
Total: 2.103353 ms (FindLiveObjects: 0.293750 ms CreateObjectMapping: 0.072207 ms MarkObjects: 1.646757 ms  DeleteObjects: 0.089776 ms)

========================================================================
Received Prepare
Registering precompiled user dll's ...
Registered in 0.001336 seconds.
Begin MonoManager ReloadAssembly
Native extension for OSXStandalone target not found
Native extension for WebGL target not found
Refreshing native plugins compatible for Editor in 0.47 ms, found 2 plugins.
Preloading 0 native plugins for Editor in 0.00 ms.
Invoked RoslynAnalysisRunner static constructor.
RoslynAnalysisRunner will not be running.
RoslynAnalysisRunner has terminated.
Mono: successfully reloaded assembly
- Completed reload, in  0.987 seconds
Platform modules already initialized, skipping
Refreshing native plugins compatible for Editor in 0.36 ms, found 2 plugins.
Preloading 0 native plugins for Editor in 0.00 ms.
Unloading 2011 Unused Serialized files (Serialized files now loaded: 0)
System memory in use before: 169.2 MB.
System memory in use after: 169.2 MB.

Unloading 17 unused Assets to reduce memory usage. Loaded Objects now: 2493.
Total: 2.510292 ms (FindLiveObjects: 0.285735 ms CreateObjectMapping: 0.093396 ms MarkObjects: 2.040568 ms  DeleteObjects: 0.089340 ms)

========================================================================
Received Prepare
Registering precompiled user dll's ...
Registered in 0.001535 seconds.
Begin MonoManager ReloadAssembly
Native extension for OSXStandalone target not found
Native extension for WebGL target not found
Refreshing native plugins compatible for Editor in 0.74 ms, found 2 plugins.
Preloading 0 native plugins for Editor in 0.00 ms.
Invoked RoslynAnalysisRunner static constructor.
RoslynAnalysisRunner will not be running.
RoslynAnalysisRunner has terminated.
Mono: successfully reloaded assembly
- Completed reload, in  0.975 seconds
Platform modules already initialized, skipping
Refreshing native plugins compatible for Editor in 0.38 ms, found 2 plugins.
Preloading 0 native plugins for Editor in 0.00 ms.
Unloading 2011 Unused Serialized files (Serialized files now loaded: 0)
System memory in use before: 169.4 MB.
System memory in use after: 169.4 MB.

Unloading 17 unused Assets to reduce memory usage. Loaded Objects now: 2497.
Total: 2.264428 ms (FindLiveObjects: 0.282821 ms CreateObjectMapping: 0.103793 ms MarkObjects: 1.783245 ms  DeleteObjects: 0.093643 ms)

========================================================================
Received Prepare
Registering precompiled user dll's ...
Registered in 0.003584 seconds.
Begin MonoManager ReloadAssembly
Native extension for OSXStandalone target not found
Native extension for WebGL target not found
Refreshing native plugins compatible for Editor in 0.47 ms, found 2 plugins.
Preloading 0 native plugins for Editor in 0.00 ms.
Invoked RoslynAnalysisRunner static constructor.
RoslynAnalysisRunner will not be running.
RoslynAnalysisRunner has terminated.
Mono: successfully reloaded assembly
- Completed reload, in  1.045 seconds
Platform modules already initialized, skipping
Refreshing native plugins compatible for Editor in 0.42 ms, found 2 plugins.
Preloading 0 native plugins for Editor in 0.00 ms.
Unloading 2011 Unused Serialized files (Serialized files now loaded: 0)
System memory in use before: 169.7 MB.
System memory in use after: 169.6 MB.

Unloading 17 unused Assets to reduce memory usage. Loaded Objects now: 2501.
Total: 3.266617 ms (FindLiveObjects: 0.383398 ms CreateObjectMapping: 0.170056 ms MarkObjects: 2.580756 ms  DeleteObjects: 0.129848 ms)

========================================================================
Received Prepare
Registering precompiled user dll's ...
Registered in 0.001115 seconds.
Begin MonoManager ReloadAssembly
Native extension for OSXStandalone target not found
Native extension for WebGL target not found
Refreshing native plugins compatible for Editor in 0.51 ms, found 2 plugins.
Preloading 0 native plugins for Editor in 0.00 ms.
Invoked RoslynAnalysisRunner static constructor.
RoslynAnalysisRunner will not be running.
RoslynAnalysisRunner has terminated.
Mono: successfully reloaded assembly
- Completed reload, in  0.981 seconds
Platform modules already initialized, skipping
Refreshing native plugins compatible for Editor in 0.46 ms, found 2 plugins.
Preloading 0 native plugins for Editor in 0.00 ms.
Unloading 2011 Unused Serialized files (Serialized files now loaded: 0)
System memory in use before: 169.9 MB.
System memory in use after: 169.8 MB.

Unloading 17 unused Assets to reduce memory usage. Loaded Objects now: 2505.
Total: 2.133470 ms (FindLiveObjects: 0.313730 ms CreateObjectMapping: 0.055350 ms MarkObjects: 1.661392 ms  DeleteObjects: 0.102047 ms)

========================================================================
Received Prepare
Registering precompiled user dll's ...
Registered in 0.001372 seconds.
Begin MonoManager ReloadAssembly
Native extension for OSXStandalone target not found
Native extension for WebGL target not found
Refreshing native plugins compatible for Editor in 0.52 ms, found 2 plugins.
Preloading 0 native plugins for Editor in 0.00 ms.
Invoked RoslynAnalysisRunner static constructor.
RoslynAnalysisRunner will not be running.
RoslynAnalysisRunner has terminated.
Mono: successfully reloaded assembly
- Completed reload, in  1.005 seconds
Platform modules already initialized, skipping
Refreshing native plugins compatible for Editor in 0.43 ms, found 2 plugins.
Preloading 0 native plugins for Editor in 0.00 ms.
Unloading 2011 Unused Serialized files (Serialized files now loaded: 0)
System memory in use before: 170.1 MB.
System memory in use after: 170.1 MB.

Unloading 17 unused Assets to reduce memory usage. Loaded Objects now: 2509.
Total: 2.555798 ms (FindLiveObjects: 0.284444 ms CreateObjectMapping: 0.095358 ms MarkObjects: 2.057619 ms  DeleteObjects: 0.116742 ms)

========================================================================
Received Prepare
Registering precompiled user dll's ...
Registered in 0.002834 seconds.
Begin MonoManager ReloadAssembly
Native extension for OSXStandalone target not found
Native extension for WebGL target not found
Refreshing native plugins compatible for Editor in 0.49 ms, found 2 plugins.
Preloading 0 native plugins for Editor in 0.00 ms.
Invoked RoslynAnalysisRunner static constructor.
RoslynAnalysisRunner will not be running.
RoslynAnalysisRunner has terminated.
Mono: successfully reloaded assembly
- Completed reload, in  1.116 seconds
Platform modules already initialized, skipping
Refreshing native plugins compatible for Editor in 0.56 ms, found 2 plugins.
Preloading 0 native plugins for Editor in 0.00 ms.
Unloading 2011 Unused Serialized files (Serialized files now loaded: 0)
System memory in use before: 170.4 MB.
System memory in use after: 170.3 MB.

Unloading 17 unused Assets to reduce memory usage. Loaded Objects now: 2513.
Total: 2.325959 ms (FindLiveObjects: 0.357027 ms CreateObjectMapping: 0.084417 ms MarkObjects: 1.741751 ms  DeleteObjects: 0.130830 ms)

========================================================================
Received Prepare
Registering precompiled user dll's ...
Registered in 0.001417 seconds.
Begin MonoManager ReloadAssembly
Native extension for OSXStandalone target not found
Native extension for WebGL target not found
Refreshing native plugins compatible for Editor in 0.47 ms, found 2 plugins.
Preloading 0 native plugins for Editor in 0.00 ms.
Invoked RoslynAnalysisRunner static constructor.
RoslynAnalysisRunner will not be running.
RoslynAnalysisRunner has terminated.
Mono: successfully reloaded assembly
- Completed reload, in  1.071 seconds
Platform modules already initialized, skipping
Refreshing native plugins compatible for Editor in 0.44 ms, found 2 plugins.
Preloading 0 native plugins for Editor in 0.00 ms.
Unloading 2011 Unused Serialized files (Serialized files now loaded: 0)
System memory in use before: 170.6 MB.
System memory in use after: 170.5 MB.

Unloading 17 unused Assets to reduce memory usage. Loaded Objects now: 2517.
Total: 3.335747 ms (FindLiveObjects: 0.430102 ms CreateObjectMapping: 0.110675 ms MarkObjects: 2.643853 ms  DeleteObjects: 0.149830 ms)

========================================================================
Received Import Request.
  Time since last request: 802.884277 seconds.
  path: Assets/Photon/PhotonUnityNetworking/Demos/DemoAsteroids/Materials/FlyerPlayership.mat
  artifactKey: Guid(99fced4bc2985174cac8512dc765d2bc) Importer(815301076,1909f56bfc062723c751e8b465ee728b)
Start importing Assets/Photon/PhotonUnityNetworking/Demos/DemoAsteroids/Materials/FlyerPlayership.mat using Guid(99fced4bc2985174cac8512dc765d2bc) Importer(815301076,1909f56bfc062723c751e8b465ee728b)  -> (artifact id: 'a32f2e011ac80c77de505c6ff06b396e') in 1.579720 seconds
  Import took 1.585260 seconds .

========================================================================
Received Import Request.
  Time since last request: 0.000235 seconds.
  path: Assets/Photon/PhotonUnityNetworking/UtilityScripts/PhotonPlayer/Editor/PhotonUnityNetworking.Utilities.PhotonPlayer.Editor.asmdef
  artifactKey: Guid(7024f760fc566cf45a16d2c838e22b2d) Importer(815301076,1909f56bfc062723c751e8b465ee728b)
Start importing Assets/Photon/PhotonUnityNetworking/UtilityScripts/PhotonPlayer/Editor/PhotonUnityNetworking.Utilities.PhotonPlayer.Editor.asmdef using Guid(7024f760fc566cf45a16d2c838e22b2d) Importer(815301076,1909f56bfc062723c751e8b465ee728b)  -> (artifact id: '773fde6f6c48175f4c55e2fc2b481d69') in 0.170305 seconds
  Import took 0.174475 seconds .

========================================================================
Received Import Request.
  Time since last request: 0.000179 seconds.
  path: Assets/Photon/PhotonUnityNetworking/Demos/DemoAsteroids/Textures/FlyerPlayershipOcclusion.tif
  artifactKey: Guid(34b19bc20b665b240af9c0fc9d0086f6) Importer(815301076,1909f56bfc062723c751e8b465ee728b)
Start importing Assets/Photon/PhotonUnityNetworking/Demos/DemoAsteroids/Textures/FlyerPlayershipOcclusion.tif using Guid(34b19bc20b665b240af9c0fc9d0086f6) Importer(815301076,1909f56bfc062723c751e8b465ee728b)  -> (artifact id: 'ea6a3e5bd0f0d0e9f5a93cf233b3c662') in 1.175550 seconds
  Import took 1.179854 seconds .

========================================================================
Received Import Request.
  Time since last request: 0.000212 seconds.
  path: Assets/Photon/PhotonUnityNetworking/Demos/DemoSlotRacer/Resources/Player Controller.prefab
  artifactKey: Guid(c9248d8e58293473bb27cf2f5505f88b) Importer(815301076,1909f56bfc062723c751e8b465ee728b)
Start importing Assets/Photon/PhotonUnityNetworking/Demos/DemoSlotRacer/Resources/Player Controller.prefab using Guid(c9248d8e58293473bb27cf2f5505f88b) Importer(815301076,1909f56bfc062723c751e8b465ee728b)  -> (artifact id: '1937e190738f3bf8cf72329562c7f70d') in 0.028423 seconds
  Import took 0.032533 seconds .

========================================================================
Received Import Request.
  Time since last request: 0.000235 seconds.
  path: Assets/Photon/PhotonUnityNetworking/Demos/DemoAsteroids/Textures/FlyerPlayershipAlbedo.tif
  artifactKey: Guid(b28381ec2a3dce5459a8fd396a0eb560) Importer(815301076,1909f56bfc062723c751e8b465ee728b)
Start importing Assets/Photon/PhotonUnityNetworking/Demos/DemoAsteroids/Textures/FlyerPlayershipAlbedo.tif using Guid(b28381ec2a3dce5459a8fd396a0eb560) Importer(815301076,1909f56bfc062723c751e8b465ee728b)  -> (artifact id: '0d745f2d58dbe8c49ca18e9b90a043b0') in 0.005410 seconds
  Import took 0.010087 seconds .

========================================================================
Received Import Request.
  Time since last request: 0.000181 seconds.
  path: Assets/Photon/PhotonUnityNetworking/Demos/DemoAsteroids/Textures/FlyerPlayershipEmission.tif
  artifactKey: Guid(88217866776ce4c49944ecb360a5c6ca) Importer(815301076,1909f56bfc062723c751e8b465ee728b)
Start importing Assets/Photon/PhotonUnityNetworking/Demos/DemoAsteroids/Textures/FlyerPlayershipEmission.tif using Guid(88217866776ce4c49944ecb360a5c6ca) Importer(815301076,1909f56bfc062723c751e8b465ee728b)  -> (artifact id: '6e1d9817afac08e55f4bf761f718a3fc') in 0.014546 seconds
  Import took 0.018314 seconds .

========================================================================
Received Import Request.
  Time since last request: 0.000193 seconds.
  path: Assets/Sunnyland/artwork/Sprites/player/climb/player-climb-1.png
  artifactKey: Guid(be30195fa34cc45258a6ab7011cb297b) Importer(815301076,1909f56bfc062723c751e8b465ee728b)
Start importing Assets/Sunnyland/artwork/Sprites/player/climb/player-climb-1.png using Guid(be30195fa34cc45258a6ab7011cb297b) Importer(815301076,1909f56bfc062723c751e8b465ee728b)  -> (artifact id: '21e85190e9750a336a5a7c446d798ca7') in 1.153015 seconds
  Import took 1.157167 seconds .

========================================================================
Received Import Request.
  Time since last request: 0.000189 seconds.
  path: Assets/Photon/PhotonUnityNetworking/Demos/PunBasics-Tutorial/Prefabs/Player UI.prefab
  artifactKey: Guid(e41946a981c3b444a84d15eb7c608ca4) Importer(815301076,1909f56bfc062723c751e8b465ee728b)
Start importing Assets/Photon/PhotonUnityNetworking/Demos/PunBasics-Tutorial/Prefabs/Player UI.prefab using Guid(e41946a981c3b444a84d15eb7c608ca4) Importer(815301076,1909f56bfc062723c751e8b465ee728b)  -> (artifact id: '9021ffd40e3247fa30e044d55820e675') in 0.024481 seconds
  Import took 0.028885 seconds .

========================================================================
Received Import Request.
  Time since last request: 0.573061 seconds.
  path: Assets/Sunnyland/artwork/Sprites/player/climb/player-climb-2.png
  artifactKey: Guid(94cffd9e5ecd3497c9831ffe8ae1605c) Importer(815301076,1909f56bfc062723c751e8b465ee728b)
Start importing Assets/Sunnyland/artwork/Sprites/player/climb/player-climb-2.png using Guid(94cffd9e5ecd3497c9831ffe8ae1605c) Importer(815301076,1909f56bfc062723c751e8b465ee728b)  -> (artifact id: '9db88ab942cf5ed10cc3f33f5266a3c6') in 0.010618 seconds
  Import took 0.014692 seconds .

========================================================================
Received Import Request.
  Time since last request: 0.081664 seconds.
  path: Assets/Sunnyland/artwork/Sprites/player/climb/player-climb-3.png
  artifactKey: Guid(eb5b673fa31e44bc9b15d686c24009da) Importer(815301076,1909f56bfc062723c751e8b465ee728b)
Start importing Assets/Sunnyland/artwork/Sprites/player/climb/player-climb-3.png using Guid(eb5b673fa31e44bc9b15d686c24009da) Importer(815301076,1909f56bfc062723c751e8b465ee728b)  -> (artifact id: '088d33cc127a3bef38cf5411098cfcab') in 0.012596 seconds
  Import took 0.016680 seconds .

========================================================================
Received Import Request.
  Time since last request: 0.101520 seconds.
  path: Assets/Sunnyland/artwork/Sprites/player/crouch/player-crouch-1.png
  artifactKey: Guid(9878b6f1290ef41e88b30f08f68537fd) Importer(815301076,1909f56bfc062723c751e8b465ee728b)
Start importing Assets/Sunnyland/artwork/Sprites/player/crouch/player-crouch-1.png using Guid(9878b6f1290ef41e88b30f08f68537fd) Importer(815301076,1909f56bfc062723c751e8b465ee728b)  -> (artifact id: '40c680a5c7a64cca1d90fa3abcfc81fb') in 0.011761 seconds
  Import took 0.016183 seconds .

========================================================================
Received Import Request.
  Time since last request: 0.097831 seconds.
  path: Assets/Sunnyland/artwork/Sprites/player/crouch/player-crouch-2.png
  artifactKey: Guid(448d57c5e4c694686badaba281a6adff) Importer(815301076,1909f56bfc062723c751e8b465ee728b)
Start importing Assets/Sunnyland/artwork/Sprites/player/crouch/player-crouch-2.png using Guid(448d57c5e4c694686badaba281a6adff) Importer(815301076,1909f56bfc062723c751e8b465ee728b)  -> (artifact id: 'd07f61098fa372da651e4ad53bb3c7a6') in 0.012609 seconds
  Import took 0.016674 seconds .

========================================================================
Received Import Request.
  Time since last request: 36.452724 seconds.
  path: Assets/Photon/PhotonRealtime/Code/Player.cs
  artifactKey: Guid(e3e4b5bebc687044b9c6c2803c36be3d) Importer(815301076,1909f56bfc062723c751e8b465ee728b)
Start importing Assets/Photon/PhotonRealtime/Code/Player.cs using Guid(e3e4b5bebc687044b9c6c2803c36be3d) Importer(815301076,1909f56bfc062723c751e8b465ee728b)  -> (artifact id: 'c0a6ae5d1fa7e632452c5170438f63f3') in 0.007519 seconds
  Import took 0.011551 seconds .

========================================================================
Received Import Request.
  Time since last request: 15.550400 seconds.
  path: Assets/Sunnyland/artwork/Sprites/player/hurt/player-hurt-1.png
  artifactKey: Guid(c123c318507c6405a869f2f89068cf06) Importer(815301076,1909f56bfc062723c751e8b465ee728b)
Start importing Assets/Sunnyland/artwork/Sprites/player/hurt/player-hurt-1.png using Guid(c123c318507c6405a869f2f89068cf06) Importer(815301076,1909f56bfc062723c751e8b465ee728b)  -> (artifact id: '827beb0d311e816b95cd2269d0a46b40') in 0.010943 seconds
  Import took 0.016110 seconds .

========================================================================
Received Import Request.
  Time since last request: 41.969239 seconds.
  path: Assets/Sunnyland/artwork/Sprites/player/hurt/player-hurt-2.png
  artifactKey: Guid(a85f3724632254a6cb24066dc54cbf60) Importer(815301076,1909f56bfc062723c751e8b465ee728b)
Start importing Assets/Sunnyland/artwork/Sprites/player/hurt/player-hurt-2.png using Guid(a85f3724632254a6cb24066dc54cbf60) Importer(815301076,1909f56bfc062723c751e8b465ee728b)  -> (artifact id: '2cd640447e98fab61ade35c8a5304a53') in 0.021064 seconds
  Import took 0.026444 seconds .

========================================================================
Received Import Request.
  Time since last request: 107.312010 seconds.
  path: Assets/Resources
  artifactKey: Guid(df0a6f797e7b04924a1b560342d74f16) Importer(815301076,1909f56bfc062723c751e8b465ee728b)
Start importing Assets/Resources using Guid(df0a6f797e7b04924a1b560342d74f16) Importer(815301076,1909f56bfc062723c751e8b465ee728b)  -> (artifact id: 'c71e987c5a42b8088d02ff69c9214a38') in 0.002508 seconds
  Import took 0.008636 seconds .

========================================================================
Received Import Request.
  Time since last request: 136.535088 seconds.
  path: Assets/Resources/Player.prefab
  artifactKey: Guid(57a0fd45077944d0a882f399c6b73b34) Importer(815301076,1909f56bfc062723c751e8b465ee728b)
Start importing Assets/Resources/Player.prefab using Guid(57a0fd45077944d0a882f399c6b73b34) Importer(815301076,1909f56bfc062723c751e8b465ee728b)  -> (artifact id: 'ab3d60b65cc87868759da784f077586a') in 0.034065 seconds
  Import took 0.039537 seconds .

========================================================================
Received Import Request.
  Time since last request: 0.027567 seconds.
  path: Assets/Resources/Player.prefab
  artifactKey: Guid(57a0fd45077944d0a882f399c6b73b34) Importer(815301076,1909f56bfc062723c751e8b465ee728b)
Start importing Assets/Resources/Player.prefab using Guid(57a0fd45077944d0a882f399c6b73b34) Importer(815301076,1909f56bfc062723c751e8b465ee728b)  -> (artifact id: '67be8f1ad5b4cd6c8eddebb160a663bf') in 0.018025 seconds
  Import took 0.023235 seconds .

========================================================================
Received Import Request.
  Time since last request: 0.022780 seconds.
  path: Assets/Resources/Player.prefab
  artifactKey: Guid(57a0fd45077944d0a882f399c6b73b34) Importer(815301076,1909f56bfc062723c751e8b465ee728b)
Start importing Assets/Resources/Player.prefab using Guid(57a0fd45077944d0a882f399c6b73b34) Importer(815301076,1909f56bfc062723c751e8b465ee728b)  -> (artifact id: '67be8f1ad5b4cd6c8eddebb160a663bf') in 0.018492 seconds
  Import took 0.023571 seconds .

========================================================================
Received Prepare
Registering precompiled user dll's ...
Registered in 0.003553 seconds.
Begin MonoManager ReloadAssembly
Native extension for OSXStandalone target not found
Native extension for WebGL target not found
Refreshing native plugins compatible for Editor in 0.48 ms, found 2 plugins.
Preloading 0 native plugins for Editor in 0.00 ms.
Invoked RoslynAnalysisRunner static constructor.
RoslynAnalysisRunner will not be running.
RoslynAnalysisRunner has terminated.
Mono: successfully reloaded assembly
- Completed reload, in  1.074 seconds
Platform modules already initialized, skipping
Refreshing native plugins compatible for Editor in 0.43 ms, found 2 plugins.
Preloading 0 native plugins for Editor in 0.00 ms.
Unloading 2011 Unused Serialized files (Serialized files now loaded: 0)
System memory in use before: 188.7 MB.
System memory in use after: 188.7 MB.

Unloading 20 unused Assets to reduce memory usage. Loaded Objects now: 2561.
Total: 2.184555 ms (FindLiveObjects: 0.233942 ms CreateObjectMapping: 0.073873 ms MarkObjects: 1.768266 ms  DeleteObjects: 0.107020 ms)

========================================================================
Received Import Request.
  Time since last request: 176.674519 seconds.
  path: Assets/Resources/Player.prefab
  artifactKey: Guid(57a0fd45077944d0a882f399c6b73b34) Importer(815301076,1909f56bfc062723c751e8b465ee728b)
Start importing Assets/Resources/Player.prefab using Guid(57a0fd45077944d0a882f399c6b73b34) Importer(815301076,1909f56bfc062723c751e8b465ee728b)  -> (artifact id: '3f8bef0a8d77a9ff779482912619ebce') in 0.093822 seconds
  Import took 0.100306 seconds .

========================================================================
Received Import Request.
  Time since last request: 259.405977 seconds.
  path: Assets/Resources/Player.prefab
  artifactKey: Guid(57a0fd45077944d0a882f399c6b73b34) Importer(815301076,1909f56bfc062723c751e8b465ee728b)
Start importing Assets/Resources/Player.prefab using Guid(57a0fd45077944d0a882f399c6b73b34) Importer(815301076,1909f56bfc062723c751e8b465ee728b)  -> (artifact id: 'aacab3f4cfb2d418314f6635063bf311') in 0.034354 seconds
  Import took 0.040813 seconds .

========================================================================
Received Prepare
Registering precompiled user dll's ...
Registered in 0.003207 seconds.
Begin MonoManager ReloadAssembly
Native extension for OSXStandalone target not found
Native extension for WebGL target not found
Refreshing native plugins compatible for Editor in 0.48 ms, found 2 plugins.
Preloading 0 native plugins for Editor in 0.00 ms.
Invoked RoslynAnalysisRunner static constructor.
RoslynAnalysisRunner will not be running.
RoslynAnalysisRunner has terminated.
Mono: successfully reloaded assembly
- Completed reload, in  1.078 seconds
Platform modules already initialized, skipping
Refreshing native plugins compatible for Editor in 0.40 ms, found 2 plugins.
Preloading 0 native plugins for Editor in 0.00 ms.
Unloading 2011 Unused Serialized files (Serialized files now loaded: 0)
System memory in use before: 189.0 MB.
System memory in use after: 189.0 MB.

Unloading 17 unused Assets to reduce memory usage. Loaded Objects now: 2566.
Total: 2.476203 ms (FindLiveObjects: 0.274138 ms CreateObjectMapping: 0.079980 ms MarkObjects: 2.019283 ms  DeleteObjects: 0.101901 ms)

========================================================================
Received Import Request.
  Time since last request: 146.273050 seconds.
  path: Assets/Resources/Player.prefab
  artifactKey: Guid(57a0fd45077944d0a882f399c6b73b34) Importer(815301076,1909f56bfc062723c751e8b465ee728b)
Start importing Assets/Resources/Player.prefab using Guid(57a0fd45077944d0a882f399c6b73b34) Importer(815301076,1909f56bfc062723c751e8b465ee728b)  -> (artifact id: '99e4c2ec1b8c3650b15bf758209c5ee3') in 0.086658 seconds
  Import took 0.094127 seconds .

========================================================================
Received Import Request.
  Time since last request: 0.004884 seconds.
  path: Assets/Resources/Player.prefab
  artifactKey: Guid(57a0fd45077944d0a882f399c6b73b34) Importer(815301076,1909f56bfc062723c751e8b465ee728b)
Start importing Assets/Resources/Player.prefab using Guid(57a0fd45077944d0a882f399c6b73b34) Importer(815301076,1909f56bfc062723c751e8b465ee728b)  -> (artifact id: '99e4c2ec1b8c3650b15bf758209c5ee3') in 0.019068 seconds
  Import took 0.025189 seconds .

========================================================================
Received Import Request.
  Time since last request: 34.928176 seconds.
  path: Assets/Scripts/Manager.cs
  artifactKey: Guid(6f3c6967115c54b2aac7f640cda2aaf2) Importer(815301076,1909f56bfc062723c751e8b465ee728b)
Start importing Assets/Scripts/Manager.cs using Guid(6f3c6967115c54b2aac7f640cda2aaf2) Importer(815301076,1909f56bfc062723c751e8b465ee728b)  -> (artifact id: '55eb96b53825c0bee816b9225ce09991') in 0.006969 seconds
  Import took 0.012352 seconds .

========================================================================
Received Prepare
Registering precompiled user dll's ...
Registered in 0.005407 seconds.
Begin MonoManager ReloadAssembly
Native extension for OSXStandalone target not found
Native extension for WebGL target not found
Refreshing native plugins compatible for Editor in 0.47 ms, found 2 plugins.
Preloading 0 native plugins for Editor in 0.00 ms.
Invoked RoslynAnalysisRunner static constructor.
RoslynAnalysisRunner will not be running.
RoslynAnalysisRunner has terminated.
Mono: successfully reloaded assembly
- Completed reload, in  1.067 seconds
Platform modules already initialized, skipping
Refreshing native plugins compatible for Editor in 0.47 ms, found 2 plugins.
Preloading 0 native plugins for Editor in 0.00 ms.
Unloading 2012 Unused Serialized files (Serialized files now loaded: 0)
System memory in use before: 189.3 MB.
System memory in use after: 189.3 MB.

Unloading 17 unused Assets to reduce memory usage. Loaded Objects now: 2572.
Total: 2.722341 ms (FindLiveObjects: 0.238310 ms CreateObjectMapping: 0.094963 ms MarkObjects: 2.285065 ms  DeleteObjects: 0.102839 ms)

========================================================================
Received Prepare
Registering precompiled user dll's ...
Registered in 0.003572 seconds.
Begin MonoManager ReloadAssembly
Native extension for OSXStandalone target not found
Native extension for WebGL target not found
Refreshing native plugins compatible for Editor in 0.48 ms, found 2 plugins.
Preloading 0 native plugins for Editor in 0.00 ms.
Invoked RoslynAnalysisRunner static constructor.
RoslynAnalysisRunner will not be running.
RoslynAnalysisRunner has terminated.
Mono: successfully reloaded assembly
- Completed reload, in  1.129 seconds
Platform modules already initialized, skipping
Refreshing native plugins compatible for Editor in 0.44 ms, found 2 plugins.
Preloading 0 native plugins for Editor in 0.00 ms.
Unloading 2012 Unused Serialized files (Serialized files now loaded: 0)
System memory in use before: 189.5 MB.
System memory in use after: 189.5 MB.

Unloading 17 unused Assets to reduce memory usage. Loaded Objects now: 2576.
Total: 2.612541 ms (FindLiveObjects: 0.321241 ms CreateObjectMapping: 0.096470 ms MarkObjects: 2.068504 ms  DeleteObjects: 0.124696 ms)

========================================================================
Received Import Request.
  Time since last request: 175.680954 seconds.
  path: Assets/Scripts/Manager.cs
  artifactKey: Guid(6f3c6967115c54b2aac7f640cda2aaf2) Importer(815301076,1909f56bfc062723c751e8b465ee728b)
Start importing Assets/Scripts/Manager.cs using Guid(6f3c6967115c54b2aac7f640cda2aaf2) Importer(815301076,1909f56bfc062723c751e8b465ee728b)  -> (artifact id: 'fdca65edbce99c54b4854ad40351ad36') in 0.013077 seconds
  Import took 0.020113 seconds .

========================================================================
Received Prepare
Registering precompiled user dll's ...
Registered in 0.004136 seconds.
Begin MonoManager ReloadAssembly
Native extension for OSXStandalone target not found
Native extension for WebGL target not found
Refreshing native plugins compatible for Editor in 0.44 ms, found 2 plugins.
Preloading 0 native plugins for Editor in 0.00 ms.
Invoked RoslynAnalysisRunner static constructor.
RoslynAnalysisRunner will not be running.
RoslynAnalysisRunner has terminated.
Mono: successfully reloaded assembly
- Completed reload, in  1.025 seconds
Platform modules already initialized, skipping
Refreshing native plugins compatible for Editor in 0.44 ms, found 2 plugins.
Preloading 0 native plugins for Editor in 0.00 ms.
Unloading 2012 Unused Serialized files (Serialized files now loaded: 0)
System memory in use before: 189.8 MB.
System memory in use after: 189.7 MB.

Unloading 17 unused Assets to reduce memory usage. Loaded Objects now: 2580.
Total: 3.035036 ms (FindLiveObjects: 0.406546 ms CreateObjectMapping: 0.230059 ms MarkObjects: 2.272500 ms  DeleteObjects: 0.124003 ms)

========================================================================
Received Prepare
Registering precompiled user dll's ...
Registered in 0.004818 seconds.
Begin MonoManager ReloadAssembly
Native extension for OSXStandalone target not found
Native extension for WebGL target not found
Refreshing native plugins compatible for Editor in 0.54 ms, found 2 plugins.
Preloading 0 native plugins for Editor in 0.00 ms.
Invoked RoslynAnalysisRunner static constructor.
RoslynAnalysisRunner will not be running.
RoslynAnalysisRunner has terminated.
Mono: successfully reloaded assembly
- Completed reload, in  1.120 seconds
Platform modules already initialized, skipping
Refreshing native plugins compatible for Editor in 0.40 ms, found 2 plugins.
Preloading 0 native plugins for Editor in 0.00 ms.
Unloading 2012 Unused Serialized files (Serialized files now loaded: 0)
System memory in use before: 190.0 MB.
System memory in use after: 190.0 MB.

Unloading 17 unused Assets to reduce memory usage. Loaded Objects now: 2584.
Total: 2.961946 ms (FindLiveObjects: 0.453264 ms CreateObjectMapping: 0.114244 ms MarkObjects: 2.278152 ms  DeleteObjects: 0.113556 ms)

========================================================================
Received Prepare
Refreshing native plugins compatible for Editor in 5.17 ms, found 2 plugins.
Preloading 0 native plugins for Editor in 0.00 ms.
Unloading 15 Unused Serialized files (Serialized files now loaded: 0)
System memory in use before: 150.7 MB.
System memory in use after: 150.7 MB.

Unloading 15 unused Assets to reduce memory usage. Loaded Objects now: 2584.
Total: 7.093503 ms (FindLiveObjects: 0.524915 ms CreateObjectMapping: 0.133129 ms MarkObjects: 6.291353 ms  DeleteObjects: 0.141926 ms)

========================================================================
Received Prepare
Registering precompiled user dll's ...
Registered in 0.004339 seconds.
Begin MonoManager ReloadAssembly
Native extension for OSXStandalone target not found
Native extension for WebGL target not found
Refreshing native plugins compatible for Editor in 0.59 ms, found 2 plugins.
Preloading 0 native plugins for Editor in 0.00 ms.
Invoked RoslynAnalysisRunner static constructor.
RoslynAnalysisRunner will not be running.
RoslynAnalysisRunner has terminated.
Mono: successfully reloaded assembly
- Completed reload, in  1.427 seconds
Platform modules already initialized, skipping
Refreshing native plugins compatible for Editor in 0.90 ms, found 2 plugins.
Preloading 0 native plugins for Editor in 0.00 ms.
Unloading 2012 Unused Serialized files (Serialized files now loaded: 0)
System memory in use before: 190.3 MB.
System memory in use after: 190.3 MB.

Unloading 17 unused Assets to reduce memory usage. Loaded Objects now: 2588.
Total: 3.771378 ms (FindLiveObjects: 0.469106 ms CreateObjectMapping: 0.088772 ms MarkObjects: 3.033209 ms  DeleteObjects: 0.177993 ms)

========================================================================
Received Import Request.
  Time since last request: 502.450273 seconds.
  path: Assets/Photon/PhotonUnityNetworking/Resources/PhotonServerSettings.asset
  artifactKey: Guid(132d87b6b5fde415889b18fe6019be43) Importer(815301076,1909f56bfc062723c751e8b465ee728b)
Start importing Assets/Photon/PhotonUnityNetworking/Resources/PhotonServerSettings.asset using Guid(132d87b6b5fde415889b18fe6019be43) Importer(815301076,1909f56bfc062723c751e8b465ee728b)  -> (artifact id: 'a83a757dec09e3f5fafec83cd258391c') in 0.222552 seconds
  Import took 0.229423 seconds .

========================================================================
Received Prepare
Registering precompiled user dll's ...
Registered in 0.002729 seconds.
Begin MonoManager ReloadAssembly
Native extension for OSXStandalone target not found
Native extension for WebGL target not found
Refreshing native plugins compatible for Editor in 0.53 ms, found 2 plugins.
Preloading 0 native plugins for Editor in 0.00 ms.
Invoked RoslynAnalysisRunner static constructor.
RoslynAnalysisRunner will not be running.
RoslynAnalysisRunner has terminated.
Mono: successfully reloaded assembly
- Completed reload, in  1.092 seconds
Platform modules already initialized, skipping
Refreshing native plugins compatible for Editor in 0.42 ms, found 2 plugins.
Preloading 0 native plugins for Editor in 0.00 ms.
Unloading 2012 Unused Serialized files (Serialized files now loaded: 0)
System memory in use before: 194.8 MB.
System memory in use after: 194.7 MB.

Unloading 17 unused Assets to reduce memory usage. Loaded Objects now: 2592.
Total: 6.069015 ms (FindLiveObjects: 0.527281 ms CreateObjectMapping: 0.330565 ms MarkObjects: 4.992648 ms  DeleteObjects: 0.215118 ms)

========================================================================
Received Prepare
Registering precompiled user dll's ...
Registered in 0.002665 seconds.
Begin MonoManager ReloadAssembly
Native extension for OSXStandalone target not found
Native extension for WebGL target not found
Refreshing native plugins compatible for Editor in 0.47 ms, found 2 plugins.
Preloading 0 native plugins for Editor in 0.00 ms.
Invoked RoslynAnalysisRunner static constructor.
RoslynAnalysisRunner will not be running.
RoslynAnalysisRunner has terminated.
Mono: successfully reloaded assembly
- Completed reload, in  1.038 seconds
Platform modules already initialized, skipping
Refreshing native plugins compatible for Editor in 0.42 ms, found 2 plugins.
Preloading 0 native plugins for Editor in 0.00 ms.
Unloading 2012 Unused Serialized files (Serialized files now loaded: 0)
System memory in use before: 195.0 MB.
System memory in use after: 195.0 MB.

Unloading 17 unused Assets to reduce memory usage. Loaded Objects now: 2596.
Total: 2.076634 ms (FindLiveObjects: 0.229131 ms CreateObjectMapping: 0.069521 ms MarkObjects: 1.680866 ms  DeleteObjects: 0.096105 ms)

========================================================================
Received Import Request.
  Time since last request: 610.320981 seconds.
  path: Assets/Scenes/GamePlay.unity
  artifactKey: Guid(2f8cc5c2fbe4841d981c5c37278eb11b) Importer(815301076,1909f56bfc062723c751e8b465ee728b)
Start importing Assets/Scenes/GamePlay.unity using Guid(2f8cc5c2fbe4841d981c5c37278eb11b) Importer(815301076,1909f56bfc062723c751e8b465ee728b)  -> (artifact id: '5f64ccfad36738240b464c1fb384ca0c') in 0.012571 seconds
  Import took 0.017454 seconds .

========================================================================
Received Import Request.
  Time since last request: 0.001108 seconds.
  path: Assets/Scenes/GamePlay.unity
  artifactKey: Guid(2f8cc5c2fbe4841d981c5c37278eb11b) Importer(815301076,1909f56bfc062723c751e8b465ee728b)
Start importing Assets/Scenes/GamePlay.unity using Guid(2f8cc5c2fbe4841d981c5c37278eb11b) Importer(815301076,1909f56bfc062723c751e8b465ee728b)  -> (artifact id: '5f64ccfad36738240b464c1fb384ca0c') in 0.001441 seconds
  Import took 0.010015 seconds .

========================================================================
Received Import Request.
  Time since last request: 2.680349 seconds.
  path: Assets/Resources/Player.prefab
  artifactKey: Guid(57a0fd45077944d0a882f399c6b73b34) Importer(815301076,1909f56bfc062723c751e8b465ee728b)
Start importing Assets/Resources/Player.prefab using Guid(57a0fd45077944d0a882f399c6b73b34) Importer(815301076,1909f56bfc062723c751e8b465ee728b)  -> (artifact id: 'ba0f1cfb3f264a27e65565a3f12a3ab6') in 0.097678 seconds
  Import took 0.103315 seconds .

========================================================================
Received Import Request.
  Time since last request: 0.025474 seconds.
  path: Assets/Resources/Player.prefab
  artifactKey: Guid(57a0fd45077944d0a882f399c6b73b34) Importer(815301076,1909f56bfc062723c751e8b465ee728b)
Start importing Assets/Resources/Player.prefab using Guid(57a0fd45077944d0a882f399c6b73b34) Importer(815301076,1909f56bfc062723c751e8b465ee728b)  -> (artifact id: 'ba0f1cfb3f264a27e65565a3f12a3ab6') in 0.016745 seconds
  Import took 0.021973 seconds .

========================================================================
Received Import Request.
  Time since last request: 31.946975 seconds.
  path: Assets/Resources/Player.prefab
  artifactKey: Guid(57a0fd45077944d0a882f399c6b73b34) Importer(815301076,1909f56bfc062723c751e8b465ee728b)
Start importing Assets/Resources/Player.prefab using Guid(57a0fd45077944d0a882f399c6b73b34) Importer(815301076,1909f56bfc062723c751e8b465ee728b)  -> (artifact id: '3972e83a47534f5bc1c04e94ba88aaab') in 0.069198 seconds
  Import took 0.075601 seconds .

========================================================================
Received Prepare
Registering precompiled user dll's ...
Registered in 0.003827 seconds.
Begin MonoManager ReloadAssembly
Native extension for OSXStandalone target not found
Native extension for WebGL target not found
Refreshing native plugins compatible for Editor in 0.48 ms, found 2 plugins.
Preloading 0 native plugins for Editor in 0.00 ms.
Invoked RoslynAnalysisRunner static constructor.
RoslynAnalysisRunner will not be running.
RoslynAnalysisRunner has terminated.
Mono: successfully reloaded assembly
- Completed reload, in  1.102 seconds
Platform modules already initialized, skipping
Refreshing native plugins compatible for Editor in 0.40 ms, found 2 plugins.
Preloading 0 native plugins for Editor in 0.00 ms.
Unloading 2012 Unused Serialized files (Serialized files now loaded: 0)
System memory in use before: 195.3 MB.
System memory in use after: 195.3 MB.

Unloading 17 unused Assets to reduce memory usage. Loaded Objects now: 2601.
Total: 2.096325 ms (FindLiveObjects: 0.243773 ms CreateObjectMapping: 0.112017 ms MarkObjects: 1.638778 ms  DeleteObjects: 0.099240 ms)

========================================================================
Received Import Request.
  Time since last request: 400.198668 seconds.
  path: ProjectSettings/TagManager.asset
  artifactKey: Guid(00000000000000003000000000000000) Importer(815301076,1909f56bfc062723c751e8b465ee728b)
Start importing ProjectSettings/TagManager.asset using Guid(00000000000000003000000000000000) Importer(815301076,1909f56bfc062723c751e8b465ee728b)  -> (artifact id: '5d8748435867583b0bac0f9e1bec96ad') in 0.020076 seconds
  Import took 0.025393 seconds .

========================================================================
Received Import Request.
  Time since last request: 0.005843 seconds.
  path: ProjectSettings/TagManager.asset
  artifactKey: Guid(00000000000000003000000000000000) Importer(815301076,1909f56bfc062723c751e8b465ee728b)
Start importing ProjectSettings/TagManager.asset using Guid(00000000000000003000000000000000) Importer(815301076,1909f56bfc062723c751e8b465ee728b)  -> (artifact id: '5d8748435867583b0bac0f9e1bec96ad') in 0.002717 seconds
  Import took 0.006907 seconds .

========================================================================
Received Prepare
Registering precompiled user dll's ...
Registered in 0.002905 seconds.
Begin MonoManager ReloadAssembly
Native extension for OSXStandalone target not found
Native extension for WebGL target not found
Refreshing native plugins compatible for Editor in 0.64 ms, found 2 plugins.
Preloading 0 native plugins for Editor in 0.00 ms.
Invoked RoslynAnalysisRunner static constructor.
RoslynAnalysisRunner will not be running.
RoslynAnalysisRunner has terminated.
Mono: successfully reloaded assembly
- Completed reload, in  1.099 seconds
Platform modules already initialized, skipping
Refreshing native plugins compatible for Editor in 0.42 ms, found 2 plugins.
Preloading 0 native plugins for Editor in 0.00 ms.
Unloading 2012 Unused Serialized files (Serialized files now loaded: 0)
System memory in use before: 195.6 MB.
System memory in use after: 195.5 MB.

Unloading 19 unused Assets to reduce memory usage. Loaded Objects now: 2605.
Total: 2.557667 ms (FindLiveObjects: 0.224260 ms CreateObjectMapping: 0.069870 ms MarkObjects: 2.161952 ms  DeleteObjects: 0.100325 ms)

========================================================================
Received Prepare
Registering precompiled user dll's ...
Registered in 0.002670 seconds.
Begin MonoManager ReloadAssembly
Native extension for OSXStandalone target not found
Native extension for WebGL target not found
Refreshing native plugins compatible for Editor in 0.47 ms, found 2 plugins.
Preloading 0 native plugins for Editor in 0.00 ms.
Invoked RoslynAnalysisRunner static constructor.
RoslynAnalysisRunner will not be running.
RoslynAnalysisRunner has terminated.
Mono: successfully reloaded assembly
- Completed reload, in  1.051 seconds
Platform modules already initialized, skipping
Refreshing native plugins compatible for Editor in 0.46 ms, found 2 plugins.
Preloading 0 native plugins for Editor in 0.00 ms.
Unloading 2012 Unused Serialized files (Serialized files now loaded: 0)
System memory in use before: 195.7 MB.
System memory in use after: 195.7 MB.

Unloading 17 unused Assets to reduce memory usage. Loaded Objects now: 2609.
Total: 2.883844 ms (FindLiveObjects: 0.439601 ms CreateObjectMapping: 0.160034 ms MarkObjects: 2.156107 ms  DeleteObjects: 0.125668 ms)

========================================================================
Received Prepare
Registering precompiled user dll's ...
Registered in 0.002598 seconds.
Begin MonoManager ReloadAssembly
Native extension for OSXStandalone target not found
Native extension for WebGL target not found
Refreshing native plugins compatible for Editor in 0.47 ms, found 2 plugins.
Preloading 0 native plugins for Editor in 0.00 ms.
Invoked RoslynAnalysisRunner static constructor.
RoslynAnalysisRunner will not be running.
RoslynAnalysisRunner has terminated.
Mono: successfully reloaded assembly
- Completed reload, in  1.077 seconds
Platform modules already initialized, skipping
Refreshing native plugins compatible for Editor in 0.41 ms, found 2 plugins.
Preloading 0 native plugins for Editor in 0.00 ms.
Unloading 2012 Unused Serialized files (Serialized files now loaded: 0)
System memory in use before: 196.0 MB.
System memory in use after: 196.0 MB.

Unloading 17 unused Assets to reduce memory usage. Loaded Objects now: 2613.
Total: 2.290367 ms (FindLiveObjects: 0.320261 ms CreateObjectMapping: 0.055311 ms MarkObjects: 1.816766 ms  DeleteObjects: 0.097099 ms)

========================================================================
Received Import Request.
  Time since last request: 276.170409 seconds.
  path: Assets/Resources/Player.prefab
  artifactKey: Guid(57a0fd45077944d0a882f399c6b73b34) Importer(815301076,1909f56bfc062723c751e8b465ee728b)
Start importing Assets/Resources/Player.prefab using Guid(57a0fd45077944d0a882f399c6b73b34) Importer(815301076,1909f56bfc062723c751e8b465ee728b)  -> (artifact id: '7622d5c673686a8b28c22b010e85bc30') in 0.105361 seconds
  Import took 0.111968 seconds .

========================================================================
Received Import Request.
  Time since last request: 37.017001 seconds.
  path: Assets/Resources/Player.prefab
  artifactKey: Guid(57a0fd45077944d0a882f399c6b73b34) Importer(815301076,1909f56bfc062723c751e8b465ee728b)
Start importing Assets/Resources/Player.prefab using Guid(57a0fd45077944d0a882f399c6b73b34) Importer(815301076,1909f56bfc062723c751e8b465ee728b)  -> (artifact id: '0c04268bbf1c92fbc8b22c236cb458da') in 0.018502 seconds
  Import took 0.028470 seconds .

========================================================================
Received Import Request.
  Time since last request: 0.002763 seconds.
  path: Assets/Resources/Player.prefab
  artifactKey: Guid(57a0fd45077944d0a882f399c6b73b34) Importer(815301076,1909f56bfc062723c751e8b465ee728b)
Start importing Assets/Resources/Player.prefab using Guid(57a0fd45077944d0a882f399c6b73b34) Importer(815301076,1909f56bfc062723c751e8b465ee728b)  -> (artifact id: '0c04268bbf1c92fbc8b22c236cb458da') in 0.019549 seconds
  Import took 0.025300 seconds .

========================================================================
Received Prepare
Registering precompiled user dll's ...
Registered in 0.003491 seconds.
Begin MonoManager ReloadAssembly
Native extension for OSXStandalone target not found
Native extension for WebGL target not found
Refreshing native plugins compatible for Editor in 0.48 ms, found 2 plugins.
Preloading 0 native plugins for Editor in 0.00 ms.
Invoked RoslynAnalysisRunner static constructor.
RoslynAnalysisRunner will not be running.
RoslynAnalysisRunner has terminated.
Mono: successfully reloaded assembly
- Completed reload, in  1.046 seconds
Platform modules already initialized, skipping
Refreshing native plugins compatible for Editor in 0.65 ms, found 2 plugins.
Preloading 0 native plugins for Editor in 0.00 ms.
Unloading 2012 Unused Serialized files (Serialized files now loaded: 0)
System memory in use before: 196.3 MB.
System memory in use after: 196.3 MB.

Unloading 17 unused Assets to reduce memory usage. Loaded Objects now: 2618.
Total: 2.995612 ms (FindLiveObjects: 0.337668 ms CreateObjectMapping: 0.129371 ms MarkObjects: 2.382555 ms  DeleteObjects: 0.143536 ms)

========================================================================
Received Import Request.
  Time since last request: 113.773813 seconds.
  path: Assets/Resources/Player.prefab
  artifactKey: Guid(57a0fd45077944d0a882f399c6b73b34) Importer(815301076,1909f56bfc062723c751e8b465ee728b)
Start importing Assets/Resources/Player.prefab using Guid(57a0fd45077944d0a882f399c6b73b34) Importer(815301076,1909f56bfc062723c751e8b465ee728b)  -> (artifact id: 'b146b14d8eb131ec17659bb1cc072827') in 0.094461 seconds
  Import took 0.100591 seconds .

========================================================================
Received Import Request.
  Time since last request: 10.207320 seconds.
  path: Assets/Resources/Player.prefab
  artifactKey: Guid(57a0fd45077944d0a882f399c6b73b34) Importer(815301076,1909f56bfc062723c751e8b465ee728b)
Start importing Assets/Resources/Player.prefab using Guid(57a0fd45077944d0a882f399c6b73b34) Importer(815301076,1909f56bfc062723c751e8b465ee728b)  -> (artifact id: '6582eff3b34fb138fe1324ed7561a0d9') in 0.060246 seconds
  Import took 0.065970 seconds .

========================================================================
Received Prepare
Registering precompiled user dll's ...
Registered in 0.003694 seconds.
Begin MonoManager ReloadAssembly
Native extension for OSXStandalone target not found
Native extension for WebGL target not found
Refreshing native plugins compatible for Editor in 0.84 ms, found 2 plugins.
Preloading 0 native plugins for Editor in 0.00 ms.
Invoked RoslynAnalysisRunner static constructor.
RoslynAnalysisRunner will not be running.
RoslynAnalysisRunner has terminated.
Mono: successfully reloaded assembly
- Completed reload, in  1.188 seconds
Platform modules already initialized, skipping
Refreshing native plugins compatible for Editor in 0.45 ms, found 2 plugins.
Preloading 0 native plugins for Editor in 0.00 ms.
Unloading 2012 Unused Serialized files (Serialized files now loaded: 0)
System memory in use before: 196.6 MB.
System memory in use after: 196.6 MB.

Unloading 17 unused Assets to reduce memory usage. Loaded Objects now: 2623.
Total: 3.912391 ms (FindLiveObjects: 0.711047 ms CreateObjectMapping: 0.247376 ms MarkObjects: 2.705363 ms  DeleteObjects: 0.247482 ms)

========================================================================
Received Import Request.
  Time since last request: 4370.898180 seconds.
  path: Assets/Resources/Images
  artifactKey: Guid(db7e4daa920a14261b80191f7eaea188) Importer(815301076,1909f56bfc062723c751e8b465ee728b)
Start importing Assets/Resources/Images using Guid(db7e4daa920a14261b80191f7eaea188) Importer(815301076,1909f56bfc062723c751e8b465ee728b)  -> (artifact id: '0d83fc092a22d6362d92f1c2a06953dd') in 0.061438 seconds
  Import took 0.085806 seconds .

========================================================================
Received Import Request.
  Time since last request: 7.785684 seconds.
  path: Assets/Resources/Images/1473_20210622140226.PNG
  artifactKey: Guid(78b66e523f4934170ba63dbd0cfa536c) Importer(815301076,1909f56bfc062723c751e8b465ee728b)
Start importing Assets/Resources/Images/1473_20210622140226.PNG using Guid(78b66e523f4934170ba63dbd0cfa536c) Importer(815301076,1909f56bfc062723c751e8b465ee728b)  -> (artifact id: '84e6aff9cc05972d0a440dbb30313662') in 1.250808 seconds
  Import took 1.255425 seconds .

========================================================================
Received Import Request.
  Time since last request: 2.296071 seconds.
  path: Assets/Resources/Images/HP.PNG
  artifactKey: Guid(78b66e523f4934170ba63dbd0cfa536c) Importer(815301076,1909f56bfc062723c751e8b465ee728b)
Start importing Assets/Resources/Images/HP.PNG using Guid(78b66e523f4934170ba63dbd0cfa536c) Importer(815301076,1909f56bfc062723c751e8b465ee728b)  -> (artifact id: 'f85a25ca450b206b2eb41e03a669f2c3') in 0.016174 seconds
  Import took 0.021231 seconds .

========================================================================
Received Import Request.
  Time since last request: 406.356425 seconds.
  path: Assets/Resources/Images/HP.asset
  artifactKey: Guid(90c250a68002a482ca5ef83ebc734c6c) Importer(815301076,1909f56bfc062723c751e8b465ee728b)
Start importing Assets/Resources/Images/HP.asset using Guid(90c250a68002a482ca5ef83ebc734c6c) Importer(815301076,1909f56bfc062723c751e8b465ee728b)  -> (artifact id: '4c875c9b54f78bac0817654644d4f876') in 0.035173 seconds
  Import took 0.042970 seconds .

========================================================================
Received Import Request.
  Time since last request: 0.000846 seconds.
  path: Assets/Resources/Images/HP.asset
  artifactKey: Guid(90c250a68002a482ca5ef83ebc734c6c) Importer(815301076,1909f56bfc062723c751e8b465ee728b)
Start importing Assets/Resources/Images/HP.asset using Guid(90c250a68002a482ca5ef83ebc734c6c) Importer(815301076,1909f56bfc062723c751e8b465ee728b)  -> (artifact id: '4c875c9b54f78bac0817654644d4f876') in 0.012797 seconds
  Import took 0.017777 seconds .

========================================================================
Received Import Request.
  Time since last request: 314.885227 seconds.
  path: Assets/Photon/PhotonUnityNetworking/Demos/DemoSlotRacer/Kenney Assets/Stylized city/Models/tree_1.FBX
  artifactKey: Guid(92afa2e4e0d0b8542bf48b0de3ac19bd) Importer(815301076,1909f56bfc062723c751e8b465ee728b)
Start importing Assets/Photon/PhotonUnityNetworking/Demos/DemoSlotRacer/Kenney Assets/Stylized city/Models/tree_1.FBX using Guid(92afa2e4e0d0b8542bf48b0de3ac19bd) Importer(815301076,1909f56bfc062723c751e8b465ee728b)  -> (artifact id: 'd59012ce584175dfd3df473b479022ad') in 0.491956 seconds
  Import took 0.499182 seconds .

========================================================================
Received Import Request.
  Time since last request: 0.000297 seconds.
  path: Assets/Photon/PhotonUnityNetworking/Demos/DemoSlotRacer/Kenney Assets/Stylized city/Models/tree_6.FBX
  artifactKey: Guid(45e438e80c2860545b63beb8d6718edd) Importer(815301076,1909f56bfc062723c751e8b465ee728b)
Start importing Assets/Photon/PhotonUnityNetworking/Demos/DemoSlotRacer/Kenney Assets/Stylized city/Models/tree_6.FBX using Guid(45e438e80c2860545b63beb8d6718edd) Importer(815301076,1909f56bfc062723c751e8b465ee728b)  -> (artifact id: 'fa0b8d2923e83171fc266af020ed14c9') in 0.117637 seconds
  Import took 0.122782 seconds .

========================================================================
Received Import Request.
  Time since last request: 2.589140 seconds.
  path: Assets/Photon/PhotonUnityNetworking/Demos/DemoHub/Sprites
  artifactKey: Guid(cf88f7f45947fce43aece510bff3df94) Importer(815301076,1909f56bfc062723c751e8b465ee728b)
Start importing Assets/Photon/PhotonUnityNetworking/Demos/DemoHub/Sprites using Guid(cf88f7f45947fce43aece510bff3df94) Importer(815301076,1909f56bfc062723c751e8b465ee728b)  -> (artifact id: 'd38a0370d83c8ed4b1bc65b3f0378c95') in 0.001901 seconds
  Import took 0.010747 seconds .

========================================================================
Received Import Request.
  Time since last request: 3.000418 seconds.
  path: Assets/Photon/PhotonUnityNetworking/Demos/DemoHub/Sprites/Gradient.png
  artifactKey: Guid(66efb24ed46044ab8a039599cbc47d7b) Importer(815301076,1909f56bfc062723c751e8b465ee728b)
Start importing Assets/Photon/PhotonUnityNetworking/Demos/DemoHub/Sprites/Gradient.png using Guid(66efb24ed46044ab8a039599cbc47d7b) Importer(815301076,1909f56bfc062723c751e8b465ee728b)  -> (artifact id: '7791c7f1257d29692281b1c4f8de5626') in 0.034446 seconds
  Import took 0.039345 seconds .

========================================================================
Received Import Request.
  Time since last request: 85.629523 seconds.
  path: Assets/Square.png
  artifactKey: Guid(aeb651e2c9719447ca0dfd9e27fb13c1) Importer(815301076,1909f56bfc062723c751e8b465ee728b)
Start importing Assets/Square.png using Guid(aeb651e2c9719447ca0dfd9e27fb13c1) Importer(815301076,1909f56bfc062723c751e8b465ee728b)  -> (artifact id: '6e8f805b9a7c9c39086390120552c67a') in 0.027631 seconds
  Import took 0.034045 seconds .

========================================================================
Received Import Request.
  Time since last request: 144.534901 seconds.
  path: Assets/Scripts/PlayerHealth
  artifactKey: Guid(01bb912c0297f4ca1a6e543709d9462d) Importer(815301076,1909f56bfc062723c751e8b465ee728b)
Start importing Assets/Scripts/PlayerHealth using Guid(01bb912c0297f4ca1a6e543709d9462d) Importer(815301076,1909f56bfc062723c751e8b465ee728b)  -> (artifact id: '06aa2449b9f18edd2f70e021c2d9ac31') in 0.001884 seconds
  Import took 0.007784 seconds .

========================================================================
Received Import Request.
  Time since last request: 3.914453 seconds.
  path: Assets/Scripts/MyPlayer.cs
  artifactKey: Guid(93ebc68fd84994b2ab3efd087813b734) Importer(815301076,1909f56bfc062723c751e8b465ee728b)
Start importing Assets/Scripts/MyPlayer.cs using Guid(93ebc68fd84994b2ab3efd087813b734) Importer(815301076,1909f56bfc062723c751e8b465ee728b)  -> (artifact id: 'c0804c9248fdda444c50765375a401b9') in 0.011026 seconds
  Import took 0.016559 seconds .

========================================================================
Received Import Request.
  Time since last request: 0.008054 seconds.
  path: Assets/Scripts/MyPlayer.cs
  artifactKey: Guid(93ebc68fd84994b2ab3efd087813b734) Importer(815301076,1909f56bfc062723c751e8b465ee728b)
Start importing Assets/Scripts/MyPlayer.cs using Guid(93ebc68fd84994b2ab3efd087813b734) Importer(815301076,1909f56bfc062723c751e8b465ee728b)  -> (artifact id: 'c0804c9248fdda444c50765375a401b9') in 0.001943 seconds
  Import took 0.006163 seconds .

========================================================================
Received Import Request.
  Time since last request: 12.379295 seconds.
  path: Assets/Scripts/PlayerHealth.cs
  artifactKey: Guid(01887678e1cd04f99993a8f62944d866) Importer(815301076,1909f56bfc062723c751e8b465ee728b)
Start importing Assets/Scripts/PlayerHealth.cs using Guid(01887678e1cd04f99993a8f62944d866) Importer(815301076,1909f56bfc062723c751e8b465ee728b)  -> (artifact id: 'b11bcce7d350884a246f041ad941aa59') in 0.003515 seconds
  Import took 0.008602 seconds .

========================================================================
Received Prepare
Registering precompiled user dll's ...
Registered in 0.004024 seconds.
Begin MonoManager ReloadAssembly
Native extension for OSXStandalone target not found
Native extension for WebGL target not found
Refreshing native plugins compatible for Editor in 0.48 ms, found 2 plugins.
Preloading 0 native plugins for Editor in 0.00 ms.
Invoked RoslynAnalysisRunner static constructor.
RoslynAnalysisRunner will not be running.
RoslynAnalysisRunner has terminated.
Mono: successfully reloaded assembly
- Completed reload, in  1.175 seconds
Platform modules already initialized, skipping
Refreshing native plugins compatible for Editor in 0.62 ms, found 2 plugins.
Preloading 0 native plugins for Editor in 0.00 ms.
Unloading 2013 Unused Serialized files (Serialized files now loaded: 0)
System memory in use before: 208.3 MB.
System memory in use after: 208.4 MB.

Unloading 17 unused Assets to reduce memory usage. Loaded Objects now: 2635.
Total: 7.284695 ms (FindLiveObjects: 1.009177 ms CreateObjectMapping: 0.120923 ms MarkObjects: 5.713694 ms  DeleteObjects: 0.439628 ms)

========================================================================
Received Import Request.
  Time since last request: 530.780342 seconds.
  path: Assets/Scripts/Bullete.cs
  artifactKey: Guid(ece495bf71b45412d8f6f37f86d5bded) Importer(815301076,1909f56bfc062723c751e8b465ee728b)
Start importing Assets/Scripts/Bullete.cs using Guid(ece495bf71b45412d8f6f37f86d5bded) Importer(815301076,1909f56bfc062723c751e8b465ee728b)  -> (artifact id: '874e1273d503c7b278d0c162c1cd781b') in 0.009299 seconds
  Import took 0.015472 seconds .

========================================================================
Received Prepare
Registering precompiled user dll's ...
Registered in 0.004368 seconds.
Begin MonoManager ReloadAssembly
Native extension for OSXStandalone target not found
Native extension for WebGL target not found
Refreshing native plugins compatible for Editor in 0.50 ms, found 2 plugins.
Preloading 0 native plugins for Editor in 0.00 ms.
Invoked RoslynAnalysisRunner static constructor.
RoslynAnalysisRunner will not be running.
RoslynAnalysisRunner has terminated.
Mono: successfully reloaded assembly
- Completed reload, in  1.100 seconds
Platform modules already initialized, skipping
Refreshing native plugins compatible for Editor in 0.64 ms, found 2 plugins.
Preloading 0 native plugins for Editor in 0.00 ms.
Unloading 2014 Unused Serialized files (Serialized files now loaded: 0)
System memory in use before: 208.7 MB.
System memory in use after: 208.6 MB.

Unloading 17 unused Assets to reduce memory usage. Loaded Objects now: 2640.
Total: 2.641351 ms (FindLiveObjects: 0.250581 ms CreateObjectMapping: 0.078792 ms MarkObjects: 2.167770 ms  DeleteObjects: 0.142778 ms)

========================================================================
Received Prepare
Registering precompiled user dll's ...
Registered in 0.001302 seconds.
Begin MonoManager ReloadAssembly
Native extension for OSXStandalone target not found
Native extension for WebGL target not found
Refreshing native plugins compatible for Editor in 0.48 ms, found 2 plugins.
Preloading 0 native plugins for Editor in 0.00 ms.
Invoked RoslynAnalysisRunner static constructor.
RoslynAnalysisRunner will not be running.
RoslynAnalysisRunner has terminated.
Mono: successfully reloaded assembly
- Completed reload, in  1.025 seconds
Platform modules already initialized, skipping
Refreshing native plugins compatible for Editor in 0.40 ms, found 2 plugins.
Preloading 0 native plugins for Editor in 0.00 ms.
Unloading 2013 Unused Serialized files (Serialized files now loaded: 0)
System memory in use before: 208.8 MB.
System memory in use after: 208.8 MB.

Unloading 18 unused Assets to reduce memory usage. Loaded Objects now: 2643.
Total: 2.317820 ms (FindLiveObjects: 0.266027 ms CreateObjectMapping: 0.113914 ms MarkObjects: 1.830272 ms  DeleteObjects: 0.106162 ms)

========================================================================
Received Import Request.
  Time since last request: 44.234144 seconds.
  path: Assets/Scripts/Bullet.cs
  artifactKey: Guid(9bb9992db9f8a48918a092d3315e1345) Importer(815301076,1909f56bfc062723c751e8b465ee728b)
Start importing Assets/Scripts/Bullet.cs using Guid(9bb9992db9f8a48918a092d3315e1345) Importer(815301076,1909f56bfc062723c751e8b465ee728b)  -> (artifact id: '4c0fda9e0bf292dc36ee7808e247e1f2') in 0.006813 seconds
  Import took 0.012343 seconds .

========================================================================
Received Prepare
Registering precompiled user dll's ...
Registered in 0.003493 seconds.
Begin MonoManager ReloadAssembly
Native extension for OSXStandalone target not found
Native extension for WebGL target not found
Refreshing native plugins compatible for Editor in 0.47 ms, found 2 plugins.
Preloading 0 native plugins for Editor in 0.00 ms.
Invoked RoslynAnalysisRunner static constructor.
RoslynAnalysisRunner will not be running.
RoslynAnalysisRunner has terminated.
Mono: successfully reloaded assembly
- Completed reload, in  1.070 seconds
Platform modules already initialized, skipping
Refreshing native plugins compatible for Editor in 0.49 ms, found 2 plugins.
Preloading 0 native plugins for Editor in 0.00 ms.
Unloading 2014 Unused Serialized files (Serialized files now loaded: 0)
System memory in use before: 209.1 MB.
System memory in use after: 209.1 MB.

Unloading 17 unused Assets to reduce memory usage. Loaded Objects now: 2648.
Total: 2.278904 ms (FindLiveObjects: 0.256652 ms CreateObjectMapping: 0.067524 ms MarkObjects: 1.831669 ms  DeleteObjects: 0.121754 ms)

========================================================================
Received Import Request.
  Time since last request: 26.163241 seconds.
  path: Assets/Resources/starbullet.prefab
  artifactKey: Guid(1058f238c2f4a4326baf5daa05b1147e) Importer(815301076,1909f56bfc062723c751e8b465ee728b)
Start importing Assets/Resources/starbullet.prefab using Guid(1058f238c2f4a4326baf5daa05b1147e) Importer(815301076,1909f56bfc062723c751e8b465ee728b)  -> (artifact id: '5722e2a61ca018fabaaac689f240755c') in 0.081155 seconds
  Import took 0.086319 seconds .

========================================================================
Received Prepare
Registering precompiled user dll's ...
Registered in 0.003764 seconds.
Begin MonoManager ReloadAssembly
Native extension for OSXStandalone target not found
Native extension for WebGL target not found
Refreshing native plugins compatible for Editor in 0.69 ms, found 2 plugins.
Preloading 0 native plugins for Editor in 0.00 ms.
Invoked RoslynAnalysisRunner static constructor.
RoslynAnalysisRunner will not be running.
RoslynAnalysisRunner has terminated.
Mono: successfully reloaded assembly
- Completed reload, in  1.164 seconds
Platform modules already initialized, skipping
Refreshing native plugins compatible for Editor in 0.40 ms, found 2 plugins.
Preloading 0 native plugins for Editor in 0.00 ms.
Unloading 2014 Unused Serialized files (Serialized files now loaded: 0)
System memory in use before: 209.4 MB.
System memory in use after: 209.4 MB.

Unloading 17 unused Assets to reduce memory usage. Loaded Objects now: 2653.
Total: 2.620938 ms (FindLiveObjects: 0.385251 ms CreateObjectMapping: 0.078702 ms MarkObjects: 2.038112 ms  DeleteObjects: 0.118040 ms)

========================================================================
Received Prepare
Registering precompiled user dll's ...
Registered in 0.003400 seconds.
Begin MonoManager ReloadAssembly
Native extension for OSXStandalone target not found
Native extension for WebGL target not found
Refreshing native plugins compatible for Editor in 0.58 ms, found 2 plugins.
Preloading 0 native plugins for Editor in 0.00 ms.
Invoked RoslynAnalysisRunner static constructor.
RoslynAnalysisRunner will not be running.
RoslynAnalysisRunner has terminated.
Mono: successfully reloaded assembly
- Completed reload, in  1.182 seconds
Platform modules already initialized, skipping
Refreshing native plugins compatible for Editor in 0.46 ms, found 2 plugins.
Preloading 0 native plugins for Editor in 0.00 ms.
Unloading 2014 Unused Serialized files (Serialized files now loaded: 0)
System memory in use before: 209.7 MB.
System memory in use after: 209.6 MB.

Unloading 17 unused Assets to reduce memory usage. Loaded Objects now: 2657.
Total: 3.325643 ms (FindLiveObjects: 0.507862 ms CreateObjectMapping: 0.107611 ms MarkObjects: 2.547355 ms  DeleteObjects: 0.161232 ms)

========================================================================
Received Prepare
Registering precompiled user dll's ...
Registered in 0.002623 seconds.
Begin MonoManager ReloadAssembly
Native extension for OSXStandalone target not found
Native extension for WebGL target not found
Refreshing native plugins compatible for Editor in 0.51 ms, found 2 plugins.
Preloading 0 native plugins for Editor in 0.00 ms.
Invoked RoslynAnalysisRunner static constructor.
RoslynAnalysisRunner will not be running.
RoslynAnalysisRunner has terminated.
Mono: successfully reloaded assembly
- Completed reload, in  1.001 seconds
Platform modules already initialized, skipping
Refreshing native plugins compatible for Editor in 0.57 ms, found 2 plugins.
Preloading 0 native plugins for Editor in 0.00 ms.
Unloading 2014 Unused Serialized files (Serialized files now loaded: 0)
System memory in use before: 209.9 MB.
System memory in use after: 209.9 MB.

Unloading 17 unused Assets to reduce memory usage. Loaded Objects now: 2661.
Total: 2.769232 ms (FindLiveObjects: 0.370821 ms CreateObjectMapping: 0.099504 ms MarkObjects: 2.150430 ms  DeleteObjects: 0.147220 ms)

